C51 COMPILER V9.00   DELAY                                                                 02/11/2013 23:23:58 PAGE 1   


C51 COMPILER V9.00, COMPILATION OF MODULE DELAY
OBJECT MODULE PLACED IN delay.OBJ
COMPILER INVOKED BY: C:\Keil\C51\BIN\C51.EXE delay.c BROWSE DEBUG OBJECTEXTEND

line level    source

   1          #include <INTRINS.h>
   2          #include "delay.h"
   3          
   4          void Delay1ms()         //@22.1184MHz
   5          {
   6   1              unsigned char i, j;
   7   1      
   8   1              _nop_();
   9   1              _nop_();
  10   1              i = 22;
  11   1              j = 128;
  12   1              do
  13   1              {
  14   2                      while (--j);
  15   2              } while (--i);
  16   1      }
  17          
  18          void Delay10ms()                //@22.1184MHz
  19          {
  20   1              unsigned char i, j, k;
  21   1      
  22   1              _nop_();
  23   1              _nop_();
  24   1              i = 1;
  25   1              j = 216;
  26   1              k = 35;
  27   1              do
  28   1              {
  29   2                      do
  30   2                      {
  31   3                              while (--k);
  32   3                      } while (--j);
  33   2              } while (--i);
  34   1      }
  35          
  36          
  37          void Delayx10ms(unsigned char j)
  38          {
  39   1              unsigned char i;
  40   1              for (i=1; i<=j; i++) Delay10ms();
  41   1      }


MODULE INFORMATION:   STATIC OVERLAYABLE
   CODE SIZE        =     42    ----
   CONSTANT SIZE    =   ----    ----
   XDATA SIZE       =   ----    ----
   PDATA SIZE       =   ----    ----
   DATA SIZE        =   ----    ----
   IDATA SIZE       =   ----    ----
   BIT SIZE         =   ----    ----
END OF MODULE INFORMATION.


C51 COMPILATION COMPLETE.  0 WARNING(S),  0 ERROR(S)
