Flow report for NixieTube
Mon Jan 12 20:42:38 2015
Quartus II 64-Bit Version 14.0.0 Build 200 06/17/2014 SJ Full Version


---------------------
; Table of Contents ;
---------------------
  1. Legal Notice
  2. Flow Summary
  3. Flow Settings
  4. Flow Non-Default Global Settings
  5. Flow Elapsed Time
  6. Flow OS Summary
  7. Flow Log
  8. Flow Messages
  9. Flow Suppressed Messages



----------------
; Legal Notice ;
----------------
Copyright (C) 1991-2014 Altera Corporation. All rights reserved.
Your use of Altera Corporation's design tools, logic functions 
and other software and tools, and its AMPP partner logic 
functions, and any output files from any of the foregoing 
(including device programming or simulation files), and any 
associated documentation or information are expressly subject 
to the terms and conditions of the Altera Program License 
Subscription Agreement, the Altera Quartus II License Agreement,
the Altera MegaCore Function License Agreement, or other 
applicable license agreement, including, without limitation, 
that your use is for the sole purpose of programming logic 
devices manufactured by Altera and sold by Altera or its 
authorized distributors.  Please refer to the applicable 
agreement for further details.



+-------------------------------------------------------------------------+
; Flow Summary                                                            ;
+---------------------------+---------------------------------------------+
; Flow Status               ; Successful - Mon Jan 12 20:42:35 2015       ;
; Quartus II 64-Bit Version ; 14.0.0 Build 200 06/17/2014 SJ Full Version ;
; Revision Name             ; NixieTube                                   ;
; Top-level Entity Name     ; NixieTube                                   ;
; Family                    ; MAX II                                      ;
; Device                    ; EPM240T100C5                                ;
; Timing Models             ; Final                                       ;
; Total logic elements      ; 146 / 240 ( 61 % )                          ;
; Total pins                ; 79 / 80 ( 99 % )                            ;
; Total virtual pins        ; 0                                           ;
; UFM blocks                ; 0 / 1 ( 0 % )                               ;
+---------------------------+---------------------------------------------+


+-----------------------------------------+
; Flow Settings                           ;
+-------------------+---------------------+
; Option            ; Setting             ;
+-------------------+---------------------+
; Start date & time ; 01/12/2015 20:42:26 ;
; Main task         ; Compilation         ;
; Revision Name     ; NixieTube           ;
+-------------------+---------------------+


+-----------------------------------------------------------------------------------------------------+
; Flow Non-Default Global Settings                                                                    ;
+------------------------+---------------------------------+---------------+-------------+------------+
; Assignment Name        ; Value                           ; Default Value ; Entity Name ; Section Id ;
+------------------------+---------------------------------+---------------+-------------+------------+
; COMPILER_SIGNATURE_ID  ; 216075648254198.142106654610308 ; --            ; --          ; --         ;
; MAX_CORE_JUNCTION_TEMP ; 85                              ; --            ; --          ; --         ;
; MIN_CORE_JUNCTION_TEMP ; 0                               ; --            ; --          ; --         ;
+------------------------+---------------------------------+---------------+-------------+------------+


+-------------------------------------------------------------------------------------------------------------------------------+
; Flow Elapsed Time                                                                                                             ;
+---------------------------+--------------+-------------------------+---------------------+------------------------------------+
; Module Name               ; Elapsed Time ; Average Processors Used ; Peak Virtual Memory ; Total CPU Time (on all processors) ;
+---------------------------+--------------+-------------------------+---------------------+------------------------------------+
; Analysis & Synthesis      ; 00:00:02     ; 1.0                     ; 509 MB              ; 00:00:01                           ;
; Fitter                    ; 00:00:03     ; 1.0                     ; 849 MB              ; 00:00:03                           ;
; Assembler                 ; 00:00:01     ; 1.0                     ; 464 MB              ; 00:00:01                           ;
; TimeQuest Timing Analyzer ; 00:00:01     ; 1.0                     ; 452 MB              ; 00:00:01                           ;
; Total                     ; 00:00:07     ; --                      ; --                  ; 00:00:06                           ;
+---------------------------+--------------+-------------------------+---------------------+------------------------------------+


+----------------------------------------------------------------------------------------+
; Flow OS Summary                                                                        ;
+---------------------------+------------------+-----------+------------+----------------+
; Module Name               ; Machine Hostname ; OS Name   ; OS Version ; Processor type ;
+---------------------------+------------------+-----------+------------+----------------+
; Analysis & Synthesis      ; MartianZ-ASUS    ; Windows 7 ; 6.2        ; x86_64         ;
; Fitter                    ; MartianZ-ASUS    ; Windows 7 ; 6.2        ; x86_64         ;
; Assembler                 ; MartianZ-ASUS    ; Windows 7 ; 6.2        ; x86_64         ;
; TimeQuest Timing Analyzer ; MartianZ-ASUS    ; Windows 7 ; 6.2        ; x86_64         ;
+---------------------------+------------------+-----------+------------+----------------+


------------
; Flow Log ;
------------
quartus_map --read_settings_files=on --write_settings_files=off NixieTube -c NixieTube
quartus_fit --read_settings_files=off --write_settings_files=off NixieTube -c NixieTube
quartus_asm --read_settings_files=off --write_settings_files=off NixieTube -c NixieTube
quartus_sta NixieTube -c NixieTube



